<?xml version="1.0" encoding="UTF-8"?>
<Site BuildName="Win32-MSBuild"
	BuildStamp="20231025-1905-Experimental"
	Name="DESKTOP-7TAIBHG"
	Generator="ctest-3.23.22060601-MSVC_2"
	CompilerName="C:/Program Files/Microsoft Visual Studio/2022/Community/VC/Tools/MSVC/14.33.31629/bin/Hostx64/x86/cl.exe"
	CompilerVersion="19.33.31630.0"
	OSName="Windows"
	Hostname="DESKTOP-7TAIBHG"
	OSRelease=" Professional"
	OSVersion=" (Build 19045)"
	OSPlatform="AMD64"
	Is64Bits="1"
	VendorString="GenuineIntel"
	VendorID="Intel Corporation"
	FamilyID="6"
	ModelID="14"
	ProcessorCacheSize="-1"
	NumberOfLogicalCPU="6"
	NumberOfPhysicalCPU="6"
	TotalVirtualMemory="37566"
	TotalPhysicalMemory="32702"
	LogicalProcessorsPerPhysical="1"
	ProcessorClockFrequency="3695"
	>
	<Testing>
		<StartDateTime>Oct 25 21:05 W. Europe Daylight Time</StartDateTime>
		<StartTestTime>1698260707</StartTestTime>
		<TestList/>
		<EndDateTime>Oct 25 21:05 W. Europe Daylight Time</EndDateTime>
		<EndTestTime>1698260707</EndTestTime>
		<ElapsedMinutes>0</ElapsedMinutes>
	</Testing>
</Site>
